blah blah, testing1
D
S
W
A
TEST{ENTER}
TEST{ENTER}
W
{TAB}Howdy
A
{TAB}Howdy
{TAB}Howdy
W
A
{TAB}Howdy
A
W
S
D
W
{TAB}Howdy
A
W
A
TEST{ENTER}
W
{TAB}Howdy
A
W
TEST{ENTER}
W
A
W
{TAB}Howdy
TEST{ENTER}
A
W
W
TEST{ENTER}
W
A
{TAB}Howdy
A
W
W
TEST{ENTER}
W
W
W
TEST{ENTER}
TEST{ENTER}
W
{TAB}Howdy
{TAB}Howdy
{TAB}Howdy
{TAB}Howdy
{TAB}Howdy
W
W
W
W
W
W
W
W
W
W
W
W
W
S
S
S
S
D
D
D
D
D
A
A
A
A
A
TEST{ENTER}
TEST{ENTER}
TEST{ENTER}
TEST{ENTER}
A
D
S
W
W
W
W
W
{TAB}Howdy
{TAB}Howdy
A
A
D
D
S
W
A
W
W
S
{TAB}Howdy
A
W
TEST{ENTER}
A
W
S
D
{TAB}Howdy
{TAB}Howdy
W
{TAB}Howdy
D
A
S
TEST{ENTER}
{TAB}Howdy
{TAB}Howdy
TEST{ENTER}
TEST{ENTER}
TEST{ENTER}
TEST{ENTER}
TEST{ENTER}
A
A
A
A
A
A
A
D
D
D
D
D
S
S
S
S
W
W
W
{TAB}Howdy
{TAB}Howdy
{TAB}Howdy
TEST{ENTER}
TEST{ENTER}
W
TEST{ENTER}
TEST{ENTER}
A
{TAB}Howdy
S
D
D
D
W
{TAB}Howdy
A
S
A
{TAB}Howdy
W
TEST{ENTER}
A
A
TEST{ENTER}
A
{TAB}Howdy
A
S
S
A
{TAB}Howdy
W
TEST{ENTER}
W
{TAB}Howdy
A
A
A
A
A
A
{TAB}Howdy
{TAB}Howdy
A
{TAB}Howdy
{TAB}Howdy
W
W
W
A
TEST{ENTER}
A
S
A
D
W
A
A
TEST{ENTER}
TEST{ENTER}
W
W
W
{TAB}Howdy
S
D
D
D
D
D
D
D
D
A
A
A
A
A
W
W
TEST{ENTER}
{TAB}Howdy
{TAB}Howdy
TEST{ENTER}
A
D
D
D
D
S
S
S
S
TEST{ENTER}
TEST{ENTER}
TEST{ENTER}
S
S
S
S
S
S
{TAB}Howdy
{TAB}Howdy
{TAB}Howdy
{TAB}Howdy
{TAB}Howdy
{TAB}Howdy
{TAB}Howdy
{TAB}Howdy
{TAB}Howdy
{TAB}Howdy
W
W
W
W
W
D
D
A
W
D
D
A
A
D
D
S
S
A
TEST{ENTER}
A
S
D
TEST{ENTER}
A
S
D
D
D
D
D
D
D
D
D
S
A
TEST{ENTER}
W
S
D
S
A
TEST{ENTER}
A
S
D
S
A
TEST{ENTER}
D
D
S
A
TEST{ENTER}
A
S
D
S
A
TEST{ENTER}
A
D
A
S
W
D
D
S
TEST{ENTER}
W
{TAB}Howdy
{TAB}Howdy
{TAB}Howdy
{TAB}Howdy
W
W
W
W
W
A
A
A
TEST{ENTER}
{TAB}Howdy
W
W
{TAB}Howdy
{TAB}Howdy
{TAB}Howdy
W
TEST{ENTER}
W
TEST{ENTER}
A
A
A
A
{TAB}Howdy
{TAB}Howdy
{TAB}Howdy
W
TEST{ENTER}
TEST{ENTER}
{TAB}Howdy
TEST{ENTER}
{TAB}Howdy
A
A
W
W
W
W
A
A
A
TEST{ENTER}
